[debug] [2024-08-06T13:39:09.360Z] ----------------------------------------------------------------------
[debug] [2024-08-06T13:39:09.363Z] Command:       C:\Program Files\nodejs\node.exe C:\Users\ma383\AppData\Roaming\npm\node_modules\firebase-tools\lib\bin\firebase.js init
[debug] [2024-08-06T13:39:09.363Z] CLI Version:   13.15.0
[debug] [2024-08-06T13:39:09.364Z] Platform:      win32
[debug] [2024-08-06T13:39:09.364Z] Node Version:  v20.12.2
[debug] [2024-08-06T13:39:09.364Z] Time:          Tue Aug 06 2024 17:39:09 GMT+0400 (Gulf Standard Time)
[debug] [2024-08-06T13:39:09.364Z] ----------------------------------------------------------------------
[debug] 
[debug] [2024-08-06T13:39:09.420Z] > command requires scopes: ["email","openid","https://www.googleapis.com/auth/cloudplatformprojects.readonly","https://www.googleapis.com/auth/firebase","https://www.googleapis.com/auth/cloud-platform"]
[debug] [2024-08-06T13:39:09.420Z] > authorizing via signed-in user (studentdeveloper8@gmail.com)
[info] 
     ######## #### ########  ######## ########     ###     ######  ########
     ##        ##  ##     ## ##       ##     ##  ##   ##  ##       ##
     ######    ##  ########  ######   ########  #########  ######  ######
     ##        ##  ##    ##  ##       ##     ## ##     ##       ## ##
     ##       #### ##     ## ######## ########  ##     ##  ######  ########

You're about to initialize a Firebase project in this directory:

  C:\Users\ma383

Before we get started, keep in mind:

  * You are initializing within an existing Firebase project directory

[info] 
=== Project Setup
[info] 
[info] First, let's associate this project directory with a Firebase project.
[info] You can create multiple project aliases by running firebase use --add, 
[info] but for now we'll just set up a default project.
[info] 
[debug] [2024-08-06T13:39:17.706Z] Using project from CLI flag: medicalreportsummarizer
[debug] [2024-08-06T13:39:17.707Z] > refreshing access token with scopes: []
[debug] [2024-08-06T13:39:17.708Z] >>> [apiv2][query] POST https://www.googleapis.com/oauth2/v3/token [none]
[debug] [2024-08-06T13:39:17.708Z] >>> [apiv2][body] POST https://www.googleapis.com/oauth2/v3/token [omitted]
[debug] [2024-08-06T13:39:18.051Z] <<< [apiv2][status] POST https://www.googleapis.com/oauth2/v3/token 200
[debug] [2024-08-06T13:39:18.051Z] <<< [apiv2][body] POST https://www.googleapis.com/oauth2/v3/token [omitted]
[debug] [2024-08-06T13:39:18.059Z] >>> [apiv2][query] GET https://firebase.googleapis.com/v1beta1/projects/medicalreportsummarizer [none]
[debug] [2024-08-06T13:39:18.552Z] <<< [apiv2][status] GET https://firebase.googleapis.com/v1beta1/projects/medicalreportsummarizer 200
[debug] [2024-08-06T13:39:18.552Z] <<< [apiv2][body] GET https://firebase.googleapis.com/v1beta1/projects/medicalreportsummarizer {"projectId":"medicalreportsummarizer","projectNumber":"267879241014","displayName":"MedicalReportSummarizer","name":"projects/medicalreportsummarizer","resources":{"hostingSite":"medicalreportsummarizer"},"state":"ACTIVE","etag":"1_9c34a2a8-e4be-42b4-963d-e9c30a834c78"}
[info] i  Using project medicalreportsummarizer (MedicalReportSummarizer) 
[info] 
=== Hosting Setup
[debug] [2024-08-06T13:39:18.558Z] >>> [apiv2][query] GET https://firebase.googleapis.com/v1beta1/projects/medicalreportsummarizer [none]
[debug] [2024-08-06T13:39:18.895Z] <<< [apiv2][status] GET https://firebase.googleapis.com/v1beta1/projects/medicalreportsummarizer 200
[debug] [2024-08-06T13:39:18.895Z] <<< [apiv2][body] GET https://firebase.googleapis.com/v1beta1/projects/medicalreportsummarizer {"projectId":"medicalreportsummarizer","projectNumber":"267879241014","displayName":"MedicalReportSummarizer","name":"projects/medicalreportsummarizer","resources":{"hostingSite":"medicalreportsummarizer"},"state":"ACTIVE","etag":"1_9c34a2a8-e4be-42b4-963d-e9c30a834c78"}
[info] 
[info] Your public directory is the folder (relative to your project directory) that
[info] will contain Hosting assets to be uploaded with firebase deploy. If you
[info] have a build process for your assets, use your build's output directory.
[info] 
